[debug] [2021-03-26T00:27:40.980Z] ----------------------------------------------------------------------
[debug] [2021-03-26T00:27:40.982Z] Command:       D:\Node\node.exe C:\Users\juan-\AppData\Roaming\npm\node_modules\firebase-tools\lib\bin\firebase.js deploy
[debug] [2021-03-26T00:27:40.982Z] CLI Version:   9.6.1
[debug] [2021-03-26T00:27:40.982Z] Platform:      win32
[debug] [2021-03-26T00:27:40.982Z] Node Version:  v12.19.0
[debug] [2021-03-26T00:27:40.983Z] Time:          Fri Mar 26 2021 01:27:40 GMT+0100 (GMT+01:00)
[debug] [2021-03-26T00:27:40.983Z] ----------------------------------------------------------------------
[debug] [2021-03-26T00:27:40.983Z] 
[debug] [2021-03-26T00:27:41.016Z] > command requires scopes: ["email","openid","https://www.googleapis.com/auth/cloudplatformprojects.readonly","https://www.googleapis.com/auth/firebase","https://www.googleapis.com/auth/cloud-platform"]
[debug] [2021-03-26T00:27:41.016Z] > authorizing via signed-in user
[debug] [2021-03-26T00:27:41.017Z] [iam] checking project portfolio-a5c80 for permissions ["cloudconfig.configs.get","cloudconfig.configs.update","firebase.projects.get","firebasehosting.sites.update"]
[debug] [2021-03-26T00:27:41.018Z] > refreshing access token with scopes: ["email","https://www.googleapis.com/auth/cloud-platform","https://www.googleapis.com/auth/cloudplatformprojects.readonly","https://www.googleapis.com/auth/firebase","openid"]
[debug] [2021-03-26T00:27:41.019Z] >>> HTTP REQUEST POST https://www.googleapis.com/oauth2/v3/token  
 <request body omitted>
[debug] [2021-03-26T00:27:41.164Z] <<< HTTP RESPONSE 200 {"cache-control":"no-cache, no-store, max-age=0, must-revalidate","pragma":"no-cache","expires":"Mon, 01 Jan 1990 00:00:00 GMT","date":"Fri, 26 Mar 2021 00:27:41 GMT","content-type":"application/json; charset=utf-8","vary":"X-Origin, Referer, Origin,Accept-Encoding","server":"scaffolding on HTTPServer2","x-xss-protection":"0","x-frame-options":"SAMEORIGIN","x-content-type-options":"nosniff","alt-svc":"h3-29=\":443\"; ma=2592000,h3-T051=\":443\"; ma=2592000,h3-Q050=\":443\"; ma=2592000,h3-Q046=\":443\"; ma=2592000,h3-Q043=\":443\"; ma=2592000,quic=\":443\"; ma=2592000; v=\"46,43\"","accept-ranges":"none","transfer-encoding":"chunked"}
[debug] [2021-03-26T00:27:41.172Z] >>> HTTP REQUEST POST https://cloudresourcemanager.googleapis.com/v1/projects/portfolio-a5c80:testIamPermissions  
 {"permissions":["cloudconfig.configs.get","cloudconfig.configs.update","firebase.projects.get","firebasehosting.sites.update"]}
[debug] [2021-03-26T00:27:42.002Z] <<< HTTP RESPONSE 200 {"content-type":"application/json; charset=UTF-8","vary":"X-Origin, Referer, Origin,Accept-Encoding","date":"Fri, 26 Mar 2021 00:27:42 GMT","server":"ESF","cache-control":"private","x-xss-protection":"0","x-frame-options":"SAMEORIGIN","x-content-type-options":"nosniff","server-timing":"gfet4t7; dur=702","alt-svc":"h3-29=\":443\"; ma=2592000,h3-T051=\":443\"; ma=2592000,h3-Q050=\":443\"; ma=2592000,h3-Q046=\":443\"; ma=2592000,h3-Q043=\":443\"; ma=2592000,quic=\":443\"; ma=2592000; v=\"46,43\"","accept-ranges":"none","transfer-encoding":"chunked"}
[debug] [2021-03-26T00:27:42.003Z] > refreshing access token with scopes: []
[debug] [2021-03-26T00:27:42.003Z] >>> HTTP REQUEST POST https://www.googleapis.com/oauth2/v3/token  
 <request body omitted>
[debug] [2021-03-26T00:27:42.120Z] <<< HTTP RESPONSE 200 {"pragma":"no-cache","cache-control":"no-cache, no-store, max-age=0, must-revalidate","date":"Fri, 26 Mar 2021 00:27:42 GMT","expires":"Mon, 01 Jan 1990 00:00:00 GMT","content-type":"application/json; charset=utf-8","vary":"X-Origin, Referer, Origin,Accept-Encoding","server":"scaffolding on HTTPServer2","x-xss-protection":"0","x-frame-options":"SAMEORIGIN","x-content-type-options":"nosniff","alt-svc":"h3-29=\":443\"; ma=2592000,h3-T051=\":443\"; ma=2592000,h3-Q050=\":443\"; ma=2592000,h3-Q046=\":443\"; ma=2592000,h3-Q043=\":443\"; ma=2592000,quic=\":443\"; ma=2592000; v=\"46,43\"","accept-ranges":"none","transfer-encoding":"chunked"}
[debug] [2021-03-26T00:27:42.128Z] >>> [apiv2][query] GET https://firebase.googleapis.com/v1beta1/projects/portfolio-a5c80 [none]
